2026/02/24 05:56:40 [emerg] 1#1: "map" directive is not allowed here in /etc/nginx/conf.d/default.conf:33
2026/02/24 05:56:40 [emerg] 1#1: "map" directive is not allowed here in /etc/nginx/conf.d/default.conf:33
2026/02/24 05:56:41 [emerg] 1#1: "map" directive is not allowed here in /etc/nginx/conf.d/default.conf:33
2026/02/24 05:56:41 [emerg] 1#1: "map" directive is not allowed here in /etc/nginx/conf.d/default.conf:33
2026/02/24 05:56:42 [emerg] 1#1: host not found in upstream "api:3000" in /etc/nginx/conf.d/default.conf:2
2026/02/24 05:56:49 [emerg] 1#1: host not found in upstream "api:3000" in /etc/nginx/conf.d/default.conf:2
2026/02/24 05:56:57 [emerg] 1#1: host not found in upstream "api:3000" in /etc/nginx/conf.d/default.conf:2
2026/02/24 05:57:09 [emerg] 1#1: host not found in upstream "api:3000" in /etc/nginx/conf.d/default.conf:2
2026/02/24 05:57:27 [emerg] 1#1: host not found in upstream "api:3000" in /etc/nginx/conf.d/default.conf:2
2026/02/24 05:57:57 [emerg] 1#1: host not found in upstream "api:3000" in /etc/nginx/conf.d/default.conf:2
2026/02/24 05:58:54 [emerg] 1#1: host not found in upstream "api:3000" in /etc/nginx/conf.d/default.conf:2
2026/02/24 05:59:59 [emerg] 1#1: host not found in upstream "api:3000" in /etc/nginx/conf.d/default.conf:2
2026/02/24 06:01:04 [emerg] 1#1: host not found in upstream "api:3000" in /etc/nginx/conf.d/default.conf:2
2026/02/24 06:02:09 [emerg] 1#1: host not found in upstream "api:3000" in /etc/nginx/conf.d/default.conf:2
2026/02/24 06:03:14 [emerg] 1#1: host not found in upstream "api:3000" in /etc/nginx/conf.d/default.conf:2
2026/02/24 06:04:19 [emerg] 1#1: host not found in upstream "api:3000" in /etc/nginx/conf.d/default.conf:2
2026/02/24 06:05:24 [emerg] 1#1: host not found in upstream "api:3000" in /etc/nginx/conf.d/default.conf:8
2026/02/24 06:06:10 [notice] 1#1: using the "epoll" event method
2026/02/24 06:06:10 [notice] 1#1: nginx/1.29.5
2026/02/24 06:06:10 [notice] 1#1: built by gcc 15.2.0 (Alpine 15.2.0) 
2026/02/24 06:06:10 [notice] 1#1: OS: Linux 6.17.0-14-generic
2026/02/24 06:06:10 [notice] 1#1: getrlimit(RLIMIT_NOFILE): 1024:524288
2026/02/24 06:06:10 [notice] 1#1: start worker processes
2026/02/24 06:06:10 [notice] 1#1: start worker process 29
2026/02/24 06:06:10 [notice] 1#1: start worker process 30
2026/02/24 06:06:10 [notice] 1#1: start worker process 31
2026/02/24 06:06:10 [notice] 1#1: start worker process 32
2026/02/24 06:06:10 [notice] 1#1: start worker process 33
2026/02/24 06:06:10 [notice] 1#1: start worker process 34
2026/02/24 06:06:10 [notice] 1#1: start worker process 35
2026/02/24 06:06:10 [notice] 1#1: start worker process 36
2026/02/24 06:08:12 [error] 30#30: *1 connect() failed (113: Host is unreachable) while connecting to upstream, client: 172.30.0.1, server: _, request: "GET / HTTP/1.1", upstream: "http://172.30.0.2:3000/", host: "localhost"
2026/02/24 06:08:15 [error] 30#30: *1 connect() failed (113: Host is unreachable) while connecting to upstream, client: 172.30.0.1, server: _, request: "GET /favicon.ico HTTP/1.1", upstream: "http://172.30.0.2:3000/favicon.ico", host: "localhost", referrer: "http://localhost/"
